1610620252645	geckodriver	INFO	Listening on 127.0.0.1:62664
1610620255686	mozrunner::runner	INFO	Running command: "C:\\Program Files\\Mozilla Firefox\\firefox.exe" "--marionette" "-headless" "-foreground" "-no-remote" "-profile" "C:\\Users\\theoj\\AppData\\Local\\Temp\\rust_mozprofileBTao3T"
*** You are running in headless mode.
console.warn: SearchSettings: "get: No settings file exists, new profile?" (new Error("", "(unknown module)"))
1610620257923	Marionette	INFO	Listening on port 62673
1610620258355	Marionette	WARN	TLS certificate errors will be ignored for this session
JavaScript warning: https://www.redditstatic.com/accountmanager/ssoOneTap.08e91d0f4168c23be4b0.js, line 1: unreachable code after return statement
JavaScript error: , line 0: TypeError: NetworkError when attempting to fetch resource.
JavaScript warning: https://www.redditstatic.com/accountmanager/ssoOneTap.08e91d0f4168c23be4b0.js, line 1: unreachable code after return statement
JavaScript error: , line 0: NS_ERROR_NOT_AVAILABLE
1:62763
1610620283677	mozrunner::runner	INFO	Running command: "C:\\Program Files\\Mozilla Firefox\\firefox.exe" "--marionette" "-headless" "-foreground" "-no-remote" "-profile" "C:\\Users\\theoj\\AppData\\Local\\Temp\\rust_mozprofilexkqHVO"
*** You are running in headless mode.
console.warn: SearchSettings: "get: No settings file exists, new profile?" (new Error("", "(unknown module)"))
1610620285035	Marionette	INFO	Listening on port 62773
1610620285225	Marionette	WARN	TLS certificate errors will be ignored for this session
JavaScript warning: https://www.redditstatic.com/accountmanager/ssoOneTap.08e91d0f4168c23be4b0.js, line 1: unreachable code after return statement
JavaScript error: , line 0: NS_ERROR_NOT_AVAILABLE
1:62996
1610620566322	mozrunner::runner	INFO	Running command: "C:\\Program Files\\Mozilla Firefox\\firefox.exe" "--marionette" "-headless" "-foreground" "-no-remote" "-profile" "C:\\Users\\theoj\\AppData\\Local\\Temp\\rust_mozprofileIdCbY8"
*** You are running in headless mode.
console.warn: SearchSettings: "get: No settings file exists, new profile?" (new Error("", "(unknown module)"))
1610620567745	Marionette	INFO	Listening on port 63005
1610620567873	Marionette	WARN	TLS certificate errors will be ignored for this session
JavaScript warning: https://www.redditstatic.com/accountmanager/ssoOneTap.08e91d0f4168c23be4b0.js, line 1: unreachable code after return statement
JavaScript warning: https://www.redditstatic.com/accountmanager/ssoOneTap.08e91d0f4168c23be4b0.js, line 1: unreachable code after return statement
JavaScript warning: https://www.redditstatic.com/accountmanager/ssoOneTap.08e91d0f4168c23be4b0.js, line 1: unreachable code after return statement
JavaScript warning: https://www.redditstatic.com/accountmanager/ssoOneTap.08e91d0f4168c23be4b0.js, line 1: unreachable code after return statement
1610620738197	Marionette	INFO	Stopped listening on port 63005
1610620833972	geckodriver	INFO	Listening on 127.0.0.1:63226
1610620837010	mozrunner::runner	INFO	Running command: "C:\\Program Files\\Mozilla Firefox\\firefox.exe" "--marionette" "-headless" "-foreground" "-no-remote" "-profile" "C:\\Users\\theoj\\AppData\\Local\\Temp\\rust_mozprofile79FRDe"
*** You are running in headless mode.
console.warn: SearchSettings: "get: No settings file exists, new profile?" (new Error("", "(unknown module)"))
1610620838372	Marionette	INFO	Listening on port 63235
1610620838560	Marionette	WARN	TLS certificate errors will be ignored for this session
JavaScript warning: https://www.redditstatic.com/accountmanager/ssoOneTap.08e91d0f4168c23be4b0.js, line 1: unreachable code after return statement
JavaScript warning: https://www.redditstatic.com/accountmanager/ssoOneTap.08e91d0f4168c23be4b0.js, line 1: unreachable code after return statement
JavaScript warning: https://www.redditstatic.com/accountmanager/ssoOneTap.08e91d0f4168c23be4b0.js, line 1: unreachable code after return statement
JavaScript warning: https://www.redditstatic.com/accountmanager/ssoOneTap.08e91d0f4168c23be4b0.js, line 1: unreachable code after return statement
1610621009763	Marionette	INFO	Stopped listening on port 63235
1610621829273	geckodriver	INFO	Listening on 127.0.0.1:63920
1610621832322	mozrunner::runner	INFO	Running command: "C:\\Program Files\\Mozilla Firefox\\firefox.exe" "--marionette" "-headless" "-foreground" "-no-remote" "-profile" "C:\\Users\\theoj\\AppData\\Local\\Temp\\rust_mozprofile5lphmy"
*** You are running in headless mode.
console.warn: SearchSettings: "get: No settings file exists, new profile?" (new Error("", "(unknown module)"))
1610621833817	Marionette	INFO	Listening on port 63930
1610621833871	Marionette	WARN	TLS certificate errors will be ignored for this session
JavaScript warning: https://confiant-integrations.global.ssl.fastly.net/gpt/202001101133/wrap.js, line 8: unreachable code after return statement
JavaScript warning: https://confiant-integrations.global.ssl.fastly.net/gpt/202001101133/wrap.js, line 8: unreachable code after return statement
JavaScript warning: https://confiant-integrations.global.ssl.fastly.net/gpt/202001101133/wrap.js, line 8: unreachable code after return statement
JavaScript warning: https://confiant-integrations.global.ssl.fastly.net/gpt/202001101133/wrap.js, line 8: unreachable code after return statement
JavaScript warning: https://confiant-integrations.global.ssl.fastly.net/gpt/202001101133/wrap.js, line 8: unreachable code after return statement
JavaScript warning: https://confiant-integrations.global.ssl.fastly.net/gpt/202001101133/wrap.js, line 8: unreachable code after return statement
JavaScript warning: https://confiant-integrations.global.ssl.fastly.net/gpt/202001101133/wrap.js, line 8: unreachable code after return statement
JavaScript warning: https://confiant-integrations.global.ssl.fastly.net/gpt/202001101133/wrap.js, line 8: unreachable code after return statement
JavaScript warning: https://confiant-integrations.global.ssl.fastly.net/gpt/202001101133/wrap.js, line 8: unreachable code after return statement
JavaScript warning: https://confiant-integrations.global.ssl.fastly.net/gpt/202001101133/wrap.js, line 8: unreachable code after return statement
JavaScript warning: https://confiant-integrations.global.ssl.fastly.net/gpt/202001101133/wrap.js, line 8: unreachable code after return statement
JavaScript warning: https://confiant-integrations.global.ssl.fastly.net/gpt/202001101133/wrap.js, line 8: unreachable code after return statement
JavaScript warning: https://confiant-integrations.global.ssl.fastly.net/gpt/202001101133/wrap.js, line 8: unreachable code after return statement
JavaScript warning: https://confiant-integrations.global.ssl.fastly.net/gpt/202001101133/wrap.js, line 8: unreachable code after return statement
JavaScript warning: https://confiant-integrations.global.ssl.fastly.net/gpt/202001101133/wrap.js, line 8: unreachable code after return statement
JavaScript warning: https://confiant-integrations.global.ssl.fastly.net/gpt/202001101133/wrap.js, line 8: unreachable code after return statement
JavaScript warning: https://confiant-integrations.global.ssl.fastly.net/gpt/202001101133/wrap.js, line 8: unreachable code after return statement
JavaScript warning: https://confiant-integrations.global.ssl.fastly.net/gpt/202001101133/wrap.js, line 8: unreachable code after return statement
JavaScript warning: https://confiant-integrations.global.ssl.fastly.net/gpt/202001101133/wrap.js, line 8: unreachable code after return statement
JavaScript warning: https://confiant-integrations.global.ssl.fastly.net/gpt/202001101133/wrap.js, line 8: unreachable code after return statement
JavaScript warning: https://confiant-integrations.global.ssl.fastly.net/gpt/202001101133/wrap.js, line 8: unreachable code after return statement
JavaScript warning: https://confiant-integrations.global.ssl.fastly.net/gpt/202001101133/wrap.js, line 8: unreachable code after return statement
JavaScript warning: https://confiant-integrations.global.ssl.fastly.net/gpt/202001101133/wrap.js, line 8: unreachable code after return statement
JavaScript warning: https://confiant-integrations.global.ssl.fastly.net/gpt/202001101133/wrap.js, line 8: unreachable code after return statement
JavaScript warning: https://pagead2.googlesyndication.com/bg/lLXvdf1X3GyfHkEwKQy03leHxBomiQoMNh2Meb8byNE.js line 1 > eval line 3148 > eval, line 1: WebGL warning: <Create>: Can't use WebGL in headless mode (https://bugzil.la/1375585).
JavaScript warning: https://pagead2.googlesyndication.com/bg/lLXvdf1X3GyfHkEwKQy03leHxBomiQoMNh2Meb8byNE.js line 1 > eval line 3148 > eval, line 1: Failed to create WebGL context: WebGL creation failed: 
* Can't use WebGL in headless mode (https://bugzil.la/1375585).
